<?xml version="1.0" encoding="UTF-8"?>
<!-- Generated by org.testng.reporters.JUnitXMLReporter -->
<testsuite ignored="0" hostname="Shweta" failures="0" tests="2" name="Error Validation" time="43.902" errors="0" timestamp="2024-12-20T17:24:18 EST">
  <testcase classname="rahulshettyacademy.SeleniumFrameworkDesign.Errorvalidation" name="LoginErrorValidation" time="1.314"/>
  <testcase classname="rahulshettyacademy.SeleniumFrameworkDesign.Errorvalidation" name="ProductErrorValidation" time="26.252"/>
</testsuite> <!-- Error Validation -->
