<?xml version="1.0" encoding="UTF-8"?>
<!-- Generated by org.testng.reporters.JUnitXMLReporter -->
<testsuite ignored="0" hostname="Shweta" failures="0" tests="2" name="StandAloneTest" time="24.28" errors="0" timestamp="2024-12-20T17:23:58 EST">
  <testcase classname="rahulshettyacademy.SeleniumFrameworkDesign.StandAloneTest" name="SatndAloneTest" time="6.494"/>
  <testcase classname="rahulshettyacademy.SeleniumFrameworkDesign.StandAloneTest" name="OrderHistroyTest" time="1.69"/>
</testsuite> <!-- StandAloneTest -->
