<?xml version="1.0" encoding="UTF-8"?>
<!-- Generated by org.testng.reporters.JUnitXMLReporter -->
<testsuite ignored="2" hostname="Shweta" failures="0" tests="0" time="0.021" errors="0" timestamp="2025-01-02T20:17:34 EST">
  <testcase classname="rahulshettyacademy.SeleniumFrameworkDesign.StandAloneTest" name="SatndAloneTest" time="0.0">
    <ignored/>
  </testcase> <!-- SatndAloneTest -->
  <testcase classname="rahulshettyacademy.SeleniumFrameworkDesign.StandAloneTest" name="OrderHistroyTest" time="0.0">
    <ignored/>
  </testcase> <!-- OrderHistroyTest -->
</testsuite>
