<?xml version="1.0" encoding="UTF-8"?>
<!-- Generated by org.testng.reporters.JUnitXMLReporter -->
<testsuite ignored="0" hostname="Shweta" failures="0" tests="3" name="Stand Alone Test" time="42.747" errors="0" timestamp="2025-01-07T19:38:25 EST">
  <testcase classname="rahulshettyacademy.SeleniumFrameworkDesign.StandAloneTest" name="SatndAloneTest" time="9.758"/>
  <testcase classname="rahulshettyacademy.SeleniumFrameworkDesign.StandAloneTest" name="SatndAloneTest" time="6.177"/>
  <testcase classname="rahulshettyacademy.SeleniumFrameworkDesign.StandAloneTest" name="OrderHistroyTest" time="2.147"/>
</testsuite> <!-- Stand Alone Test -->
