<?xml version="1.0" encoding="UTF-8"?>
<!-- Generated by org.testng.reporters.JUnitXMLReporter -->
<testsuite ignored="1" hostname="Shweta" failures="0" tests="2" name="submitOrder Test" time="47.824" errors="0" timestamp="2025-01-03T15:20:10 EST">
  <testcase classname="rahulshettyacademy.SeleniumFrameworkDesign.SubmitOrderTest" name="UsingHashmap" time="17.023"/>
  <testcase classname="rahulshettyacademy.SeleniumFrameworkDesign.SubmitOrderTest" name="UsingHashmap" time="16.899"/>
  <testcase classname="rahulshettyacademy.SeleniumFrameworkDesign.SubmitOrderTest" name="OrderHistroyTest" time="0.0">
    <ignored/>
  </testcase> <!-- OrderHistroyTest -->
</testsuite> <!-- submitOrder Test -->
