<?xml version="1.0" encoding="UTF-8"?>
<!-- Generated by org.testng.reporters.JUnitXMLReporter -->
<testsuite ignored="1" hostname="Shweta" failures="0" tests="2" name="UsingHashmap Test" time="49.615" errors="0" timestamp="2025-01-03T13:37:53 EST">
  <testcase classname="rahulshettyacademy.SeleniumFrameworkDesign.UsingHashmapTest" name="UsingHashmap" time="16.828"/>
  <testcase classname="rahulshettyacademy.SeleniumFrameworkDesign.UsingHashmapTest" name="UsingHashmap" time="17.022"/>
  <testcase classname="rahulshettyacademy.SeleniumFrameworkDesign.UsingHashmapTest" name="OrderHistroyTest" time="0.0">
    <ignored/>
  </testcase> <!-- OrderHistroyTest -->
</testsuite> <!-- UsingHashmap Test -->
