<?xml version="1.0" encoding="UTF-8"?>
<testng-results ignored="0" total="1" passed="1" failed="0" skipped="0">
  <reporter-output>
  </reporter-output>
  <suite started-at="2025-01-14T13:35:11 EST" name="Default suite" finished-at="2025-01-14T13:35:38 EST" duration-ms="27197">
    <groups>
      <group name="cucumber">
        <method signature="AbstractTestNGCucumberTests.runScenario(io.cucumber.testng.PickleWrapper,io.cucumber.testng.FeatureWrapper)[pri:0, instance:cucumber.TestNGTestRunner@34a3d150]" name="runScenario" class="io.cucumber.testng.AbstractTestNGCucumberTests"/>
      </group> <!-- cucumber -->
    </groups>
    <test started-at="2025-01-14T13:35:11 EST" name="Default test" finished-at="2025-01-14T13:35:38 EST" duration-ms="27197">
      <class name="cucumber.TestNGTestRunner">
        <test-method is-config="true" signature="setUpClass(org.testng.ITestContext)[pri:0, instance:cucumber.TestNGTestRunner@34a3d150]" started-at="2025-01-14T13:35:11 EST" name="setUpClass" finished-at="2025-01-14T13:35:12 EST" duration-ms="981" status="PASS">
          <params>
            <param index="0">
              <value>
                <![CDATA[org.testng.TestRunner@e26af6]]>
              </value>
            </param>
          </params>
          <reporter-output>
          </reporter-output>
        </test-method> <!-- setUpClass -->
        <test-method signature="runScenario(io.cucumber.testng.PickleWrapper,io.cucumber.testng.FeatureWrapper)[pri:0, instance:cucumber.TestNGTestRunner@34a3d150]" started-at="2025-01-14T13:35:12 EST" name="runScenario" description="Runs Cucumber Scenarios" data-provider="scenarios" finished-at="2025-01-14T13:35:38 EST" duration-ms="26071" status="PASS">
          <params>
            <param index="0">
              <value>
                <![CDATA["Positive Test of Submitting the order"]]>
              </value>
            </param>
            <param index="1">
              <value>
                <![CDATA["Purchase the order from Ecommerce Website"]]>
              </value>
            </param>
          </params>
          <reporter-output>
          </reporter-output>
        </test-method> <!-- runScenario -->
        <test-method is-config="true" signature="tearDownClass()[pri:0, instance:cucumber.TestNGTestRunner@34a3d150]" started-at="2025-01-14T13:35:38 EST" name="tearDownClass" finished-at="2025-01-14T13:35:38 EST" duration-ms="65" status="PASS">
          <reporter-output>
          </reporter-output>
        </test-method> <!-- tearDownClass -->
      </class> <!-- cucumber.TestNGTestRunner -->
    </test> <!-- Default test -->
  </suite> <!-- Default suite -->
</testng-results>
